0 info it worked if it ends with ok
1 verbose cli [ 'node', '/usr/local/bin/npm', 'publish' ]
2 info using npm@2.0.0
3 info using node@v0.10.32
4 verbose node symlink /usr/local/bin/node
5 verbose publish [ '.' ]
6 verbose cache add [ '.', null ]
7 verbose cache add spec="." args=[".",null]
8 verbose parsed spec { raw: '.',
8 verbose parsed spec   scope: null,
8 verbose parsed spec   name: null,
8 verbose parsed spec   rawSpec: '.',
8 verbose parsed spec   spec: '/Users/andrepoleza/Desktop/church-encoding',
8 verbose parsed spec   type: 'local' }
9 verbose cache add local package /Users/andrepoleza/Desktop/church-encoding
10 silly lockFile 3a52ce78- .
11 verbose lock . /Users/andrepoleza/.npm/3a52ce78-.lock
12 verbose tar pack [ '/Users/andrepoleza/.npm/church-encoding/0.0.1/package.tgz',
12 verbose tar pack   '.' ]
13 verbose tarball /Users/andrepoleza/.npm/church-encoding/0.0.1/package.tgz
14 verbose folder .
15 info prepublish church-encoding@0.0.1
16 silly lockFile 1f1177db-tar tar://.
17 verbose lock tar://. /Users/andrepoleza/.npm/1f1177db-tar.lock
18 silly lockFile 4e2a60ab-hurch-encoding-0-0-1-package-tgz tar:///Users/andrepoleza/.npm/church-encoding/0.0.1/package.tgz
19 verbose lock tar:///Users/andrepoleza/.npm/church-encoding/0.0.1/package.tgz /Users/andrepoleza/.npm/4e2a60ab-hurch-encoding-0-0-1-package-tgz.lock
20 silly lockFile 1f1177db-tar tar://.
21 silly lockFile 1f1177db-tar tar://.
22 silly lockFile 4e2a60ab-hurch-encoding-0-0-1-package-tgz tar:///Users/andrepoleza/.npm/church-encoding/0.0.1/package.tgz
23 silly lockFile 4e2a60ab-hurch-encoding-0-0-1-package-tgz tar:///Users/andrepoleza/.npm/church-encoding/0.0.1/package.tgz
24 silly lockFile 7f8e7d4c-pm-church-encoding-0-0-1-package /Users/andrepoleza/.npm/church-encoding/0.0.1/package
25 verbose lock /Users/andrepoleza/.npm/church-encoding/0.0.1/package /Users/andrepoleza/.npm/7f8e7d4c-pm-church-encoding-0-0-1-package.lock
26 silly lockFile 7f8e7d4c-pm-church-encoding-0-0-1-package /Users/andrepoleza/.npm/church-encoding/0.0.1/package
27 silly lockFile 7f8e7d4c-pm-church-encoding-0-0-1-package /Users/andrepoleza/.npm/church-encoding/0.0.1/package
28 silly lockFile 3a52ce78- .
29 silly lockFile 3a52ce78- .
30 silly publish { name: 'church-encoding',
30 silly publish   version: '0.0.1',
30 silly publish   description: 'Implementation of Church Encoding',
30 silly publish   main: 'index.js',
30 silly publish   scripts: { test: 'node test.js' },
30 silly publish   repository:
30 silly publish    { type: 'git',
30 silly publish      url: 'https://github.com/andrepoleza/church-encoding.git' },
30 silly publish   author: { name: 'André Poleza' },
30 silly publish   license: 'ISC',
30 silly publish   bugs: { url: 'https://github.com/andrepoleza/church-encoding/issues' },
30 silly publish   homepage: 'https://github.com/andrepoleza/church-encoding',
30 silly publish   devDependencies: { ava: '0.0.4' },
30 silly publish   readme: '# church-encoding [![Build Status](https://travis-ci.org/andrepoleza/church-encoding.svg?branch=master)](https://travis-ci.org/andrepoleza/church-encoding)\nChurch Encoding in JavaScript\n',
30 silly publish   readmeFilename: 'README.md',
30 silly publish   gitHead: 'd80a59ab96a5ed0bee2adfcc7d634ab59f6e206a',
30 silly publish   _id: 'church-encoding@0.0.1',
30 silly publish   _shasum: 'bf471bf8e830daa684cd8408131d3cf2b652ff36',
30 silly publish   _from: '.' }
31 verbose mapToRegistry name church-encoding
32 verbose mapToRegistry uri https://registry.npmjs.org/church-encoding
33 verbose publish registryBase https://registry.npmjs.org/
34 verbose stack Error: auth and email required for publishing
34 verbose stack     at RegClient.publish (/usr/local/lib/node_modules/npm/node_modules/npm-registry-client/lib/publish.js:17:14)
34 verbose stack     at /usr/local/lib/node_modules/npm/lib/publish.js:113:14
34 verbose stack     at mapToRegistry (/usr/local/lib/node_modules/npm/lib/utils/map-to-registry.js:53:3)
34 verbose stack     at publish_ (/usr/local/lib/node_modules/npm/lib/publish.js:101:3)
34 verbose stack     at Array.1 (/usr/local/lib/node_modules/npm/node_modules/slide/lib/bind-actor.js:15:8)
34 verbose stack     at LOOP (/usr/local/lib/node_modules/npm/node_modules/slide/lib/chain.js:15:14)
34 verbose stack     at LOOP (/usr/local/lib/node_modules/npm/node_modules/slide/lib/chain.js:14:28)
34 verbose stack     at chain (/usr/local/lib/node_modules/npm/node_modules/slide/lib/chain.js:20:5)
34 verbose stack     at /usr/local/lib/node_modules/npm/lib/publish.js:62:5
34 verbose stack     at /usr/local/lib/node_modules/npm/node_modules/inflight/inflight.js:22:7
35 verbose cwd /Users/andrepoleza/Desktop/church-encoding
36 error Darwin 14.3.0
37 error argv "node" "/usr/local/bin/npm" "publish"
38 error node v0.10.32
39 error npm  v2.0.0
40 error code ENEEDAUTH
41 error need auth auth and email required for publishing
41 error need auth You need to authorize this machine using `npm adduser`
42 verbose exit [ 1, true ]
